{"/home/gutt/Documentos/Fruta-Solar/my-new-project/src/context/AuthContext.tsx": {"path":"/home/gutt/Documentos/Fruta-Solar/my-new-project/src/context/AuthContext.tsx","statementMap":{"0":{"start":{"line":43,"column":19},"end":{"line":43,"column":null}},"1":{"start":{"line":45,"column":23},"end":{"line":62,"column":null}},"2":{"start":{"line":46,"column":15},"end":{"line":46,"column":null}},"3":{"start":{"line":47,"column":2},"end":{"line":60,"column":null}},"4":{"start":{"line":48,"column":31},"end":{"line":57,"column":null}},"5":{"start":{"line":58,"column":4},"end":{"line":58,"column":null}},"6":{"start":{"line":59,"column":4},"end":{"line":59,"column":null}},"7":{"start":{"line":61,"column":2},"end":{"line":61,"column":null}},"8":{"start":{"line":64,"column":23},"end":{"line":66,"column":null}},"9":{"start":{"line":65,"column":2},"end":{"line":65,"column":null}},"10":{"start":{"line":68,"column":6},"end":{"line":68,"column":null}},"11":{"start":{"line":71,"column":40},"end":{"line":71,"column":null}},"12":{"start":{"line":73,"column":2},"end":{"line":79,"column":null}},"13":{"start":{"line":74,"column":19},"end":{"line":74,"column":null}},"14":{"start":{"line":75,"column":4},"end":{"line":78,"column":null}},"15":{"start":{"line":76,"column":22},"end":{"line":76,"column":null}},"16":{"start":{"line":76,"column":48},"end":{"line":76,"column":81}},"17":{"start":{"line":77,"column":6},"end":{"line":77,"column":null}},"18":{"start":{"line":81,"column":16},"end":{"line":105,"column":null}},"19":{"start":{"line":82,"column":19},"end":{"line":82,"column":null}},"20":{"start":{"line":83,"column":20},"end":{"line":83,"column":null}},"21":{"start":{"line":83,"column":46},"end":{"line":83,"column":102}},"22":{"start":{"line":85,"column":4},"end":{"line":85,"column":null}},"23":{"start":{"line":85,"column":18},"end":{"line":85,"column":null}},"24":{"start":{"line":87,"column":43},"end":{"line":87,"column":null}},"25":{"start":{"line":88,"column":4},"end":{"line":96,"column":null}},"26":{"start":{"line":89,"column":6},"end":{"line":89,"column":null}},"27":{"start":{"line":89,"column":28},"end":{"line":89,"column":null}},"28":{"start":{"line":90,"column":6},"end":{"line":94,"column":null}},"29":{"start":{"line":91,"column":26},"end":{"line":91,"column":null}},"30":{"start":{"line":91,"column":52},"end":{"line":91,"column":68}},"31":{"start":{"line":92,"column":8},"end":{"line":93,"column":null}},"32":{"start":{"line":92,"column":23},"end":{"line":92,"column":null}},"33":{"start":{"line":93,"column":13},"end":{"line":93,"column":null}},"34":{"start":{"line":95,"column":6},"end":{"line":95,"column":null}},"35":{"start":{"line":98,"column":4},"end":{"line":98,"column":null}},"36":{"start":{"line":99,"column":22},"end":{"line":99,"column":null}},"37":{"start":{"line":99,"column":53},"end":{"line":99,"column":80}},"38":{"start":{"line":100,"column":4},"end":{"line":100,"column":null}},"39":{"start":{"line":102,"column":4},"end":{"line":102,"column":null}},"40":{"start":{"line":103,"column":4},"end":{"line":103,"column":null}},"41":{"start":{"line":104,"column":4},"end":{"line":104,"column":null}},"42":{"start":{"line":107,"column":19},"end":{"line":124,"column":null}},"43":{"start":{"line":108,"column":19},"end":{"line":108,"column":null}},"44":{"start":{"line":109,"column":4},"end":{"line":111,"column":null}},"45":{"start":{"line":109,"column":34},"end":{"line":109,"column":73}},"46":{"start":{"line":110,"column":6},"end":{"line":110,"column":null}},"47":{"start":{"line":113,"column":34},"end":{"line":119,"column":null}},"48":{"start":{"line":121,"column":4},"end":{"line":121,"column":null}},"49":{"start":{"line":122,"column":4},"end":{"line":122,"column":null}},"50":{"start":{"line":123,"column":4},"end":{"line":123,"column":null}},"51":{"start":{"line":126,"column":17},"end":{"line":132,"column":null}},"52":{"start":{"line":127,"column":19},"end":{"line":127,"column":null}},"53":{"start":{"line":128,"column":4},"end":{"line":128,"column":null}},"54":{"start":{"line":129,"column":4},"end":{"line":129,"column":null}},"55":{"start":{"line":130,"column":4},"end":{"line":130,"column":null}},"56":{"start":{"line":131,"column":4},"end":{"line":131,"column":null}},"57":{"start":{"line":134,"column":24},"end":{"line":150,"column":null}},"58":{"start":{"line":135,"column":4},"end":{"line":135,"column":null}},"59":{"start":{"line":135,"column":24},"end":{"line":135,"column":null}},"60":{"start":{"line":136,"column":19},"end":{"line":136,"column":null}},"61":{"start":{"line":137,"column":22},"end":{"line":137,"column":null}},"62":{"start":{"line":137,"column":53},"end":{"line":137,"column":86}},"63":{"start":{"line":139,"column":4},"end":{"line":149,"column":null}},"64":{"start":{"line":140,"column":6},"end":{"line":140,"column":null}},"65":{"start":{"line":140,"column":47},"end":{"line":140,"column":null}},"66":{"start":{"line":141,"column":6},"end":{"line":141,"column":null}},"67":{"start":{"line":142,"column":6},"end":{"line":142,"column":null}},"68":{"start":{"line":143,"column":6},"end":{"line":143,"column":null}},"69":{"start":{"line":144,"column":6},"end":{"line":148,"column":null}},"70":{"start":{"line":152,"column":24},"end":{"line":163,"column":null}},"71":{"start":{"line":153,"column":19},"end":{"line":153,"column":null}},"72":{"start":{"line":154,"column":93},"end":{"line":154,"column":null}},"73":{"start":{"line":155,"column":4},"end":{"line":161,"column":null}},"74":{"start":{"line":156,"column":6},"end":{"line":160,"column":null}},"75":{"start":{"line":157,"column":8},"end":{"line":159,"column":null}},"76":{"start":{"line":158,"column":10},"end":{"line":158,"column":null}},"77":{"start":{"line":162,"column":4},"end":{"line":162,"column":null}},"78":{"start":{"line":162,"column":42},"end":{"line":162,"column":53}},"79":{"start":{"line":165,"column":33},"end":{"line":186,"column":null}},"80":{"start":{"line":166,"column":19},"end":{"line":166,"column":null}},"81":{"start":{"line":167,"column":27},"end":{"line":167,"column":null}},"82":{"start":{"line":168,"column":4},"end":{"line":184,"column":null}},"83":{"start":{"line":169,"column":6},"end":{"line":169,"column":null}},"84":{"start":{"line":169,"column":28},"end":{"line":169,"column":null}},"85":{"start":{"line":170,"column":26},"end":{"line":170,"column":null}},"86":{"start":{"line":170,"column":57},"end":{"line":170,"column":74}},"87":{"start":{"line":171,"column":6},"end":{"line":183,"column":null}},"88":{"start":{"line":172,"column":8},"end":{"line":172,"column":null}},"89":{"start":{"line":173,"column":8},"end":{"line":173,"column":null}},"90":{"start":{"line":174,"column":8},"end":{"line":181,"column":null}},"91":{"start":{"line":175,"column":41},"end":{"line":175,"column":null}},"92":{"start":{"line":176,"column":32},"end":{"line":176,"column":null}},"93":{"start":{"line":176,"column":67},"end":{"line":176,"column":84}},"94":{"start":{"line":177,"column":13},"end":{"line":180,"column":null}},"95":{"start":{"line":178,"column":17},"end":{"line":178,"column":null}},"96":{"start":{"line":179,"column":17},"end":{"line":179,"column":null}},"97":{"start":{"line":182,"column":8},"end":{"line":182,"column":null}},"98":{"start":{"line":185,"column":4},"end":{"line":185,"column":null}},"99":{"start":{"line":185,"column":26},"end":{"line":185,"column":null}},"100":{"start":{"line":190,"column":25},"end":{"line":192,"column":null}},"101":{"start":{"line":191,"column":4},"end":{"line":191,"column":null}},"102":{"start":{"line":194,"column":24},"end":{"line":210,"column":null}},"103":{"start":{"line":195,"column":19},"end":{"line":195,"column":null}},"104":{"start":{"line":196,"column":16},"end":{"line":196,"column":null}},"105":{"start":{"line":196,"column":47},"end":{"line":196,"column":81}},"106":{"start":{"line":197,"column":4},"end":{"line":209,"column":null}},"107":{"start":{"line":199,"column":7},"end":{"line":203,"column":null}},"108":{"start":{"line":204,"column":7},"end":{"line":204,"column":null}},"109":{"start":{"line":206,"column":7},"end":{"line":208,"column":null}},"110":{"start":{"line":207,"column":11},"end":{"line":207,"column":null}},"111":{"start":{"line":212,"column":26},"end":{"line":227,"column":null}},"112":{"start":{"line":214,"column":4},"end":{"line":217,"column":null}},"113":{"start":{"line":215,"column":8},"end":{"line":215,"column":null}},"114":{"start":{"line":216,"column":8},"end":{"line":216,"column":null}},"115":{"start":{"line":218,"column":19},"end":{"line":218,"column":null}},"116":{"start":{"line":219,"column":27},"end":{"line":219,"column":null}},"117":{"start":{"line":219,"column":55},"end":{"line":219,"column":83}},"118":{"start":{"line":221,"column":4},"end":{"line":225,"column":null}},"119":{"start":{"line":222,"column":8},"end":{"line":222,"column":null}},"120":{"start":{"line":223,"column":8},"end":{"line":223,"column":null}},"121":{"start":{"line":224,"column":8},"end":{"line":224,"column":null}},"122":{"start":{"line":226,"column":4},"end":{"line":226,"column":null}},"123":{"start":{"line":229,"column":16},"end":{"line":233,"column":null}},"124":{"start":{"line":235,"column":2},"end":{"line":235,"column":null}},"125":{"start":{"line":239,"column":8},"end":{"line":239,"column":null}},"126":{"start":{"line":240,"column":2},"end":{"line":240,"column":null}},"127":{"start":{"line":240,"column":29},"end":{"line":240,"column":null}},"128":{"start":{"line":241,"column":2},"end":{"line":241,"column":null}}},"fnMap":{"0":{"name":"(anonymous_0)","decl":{"start":{"line":45,"column":23},"end":{"line":45,"column":84}},"loc":{"start":{"line":45,"column":84},"end":{"line":62,"column":null}},"line":45},"1":{"name":"(anonymous_1)","decl":{"start":{"line":64,"column":23},"end":{"line":64,"column":24}},"loc":{"start":{"line":64,"column":90},"end":{"line":66,"column":null}},"line":64},"2":{"name":"AuthProvider","decl":{"start":{"line":70,"column":16},"end":{"line":70,"column":29}},"loc":{"start":{"line":70,"column":68},"end":{"line":236,"column":null}},"line":70},"3":{"name":"(anonymous_3)","decl":{"start":{"line":73,"column":12},"end":{"line":73,"column":18}},"loc":{"start":{"line":73,"column":18},"end":{"line":79,"column":5}},"line":73},"4":{"name":"(anonymous_4)","decl":{"start":{"line":76,"column":43},"end":{"line":76,"column":48}},"loc":{"start":{"line":76,"column":48},"end":{"line":76,"column":81}},"line":76},"5":{"name":"(anonymous_5)","decl":{"start":{"line":81,"column":16},"end":{"line":81,"column":17}},"loc":{"start":{"line":81,"column":50},"end":{"line":105,"column":null}},"line":81},"6":{"name":"(anonymous_6)","decl":{"start":{"line":83,"column":41},"end":{"line":83,"column":46}},"loc":{"start":{"line":83,"column":46},"end":{"line":83,"column":102}},"line":83},"7":{"name":"(anonymous_7)","decl":{"start":{"line":90,"column":30},"end":{"line":90,"column":38}},"loc":{"start":{"line":90,"column":38},"end":{"line":94,"column":7}},"line":90},"8":{"name":"(anonymous_8)","decl":{"start":{"line":91,"column":47},"end":{"line":91,"column":52}},"loc":{"start":{"line":91,"column":52},"end":{"line":91,"column":68}},"line":91},"9":{"name":"(anonymous_9)","decl":{"start":{"line":99,"column":48},"end":{"line":99,"column":53}},"loc":{"start":{"line":99,"column":53},"end":{"line":99,"column":80}},"line":99},"10":{"name":"(anonymous_10)","decl":{"start":{"line":107,"column":19},"end":{"line":107,"column":20}},"loc":{"start":{"line":107,"column":76},"end":{"line":124,"column":null}},"line":107},"11":{"name":"(anonymous_11)","decl":{"start":{"line":109,"column":29},"end":{"line":109,"column":34}},"loc":{"start":{"line":109,"column":34},"end":{"line":109,"column":73}},"line":109},"12":{"name":"(anonymous_12)","decl":{"start":{"line":126,"column":17},"end":{"line":126,"column":23}},"loc":{"start":{"line":126,"column":23},"end":{"line":132,"column":null}},"line":126},"13":{"name":"(anonymous_13)","decl":{"start":{"line":134,"column":24},"end":{"line":134,"column":25}},"loc":{"start":{"line":134,"column":49},"end":{"line":150,"column":null}},"line":134},"14":{"name":"(anonymous_14)","decl":{"start":{"line":137,"column":48},"end":{"line":137,"column":53}},"loc":{"start":{"line":137,"column":53},"end":{"line":137,"column":86}},"line":137},"15":{"name":"(anonymous_15)","decl":{"start":{"line":152,"column":24},"end":{"line":152,"column":30}},"loc":{"start":{"line":152,"column":30},"end":{"line":163,"column":null}},"line":152},"16":{"name":"(anonymous_16)","decl":{"start":{"line":155,"column":28},"end":{"line":155,"column":39}},"loc":{"start":{"line":155,"column":39},"end":{"line":161,"column":5}},"line":155},"17":{"name":"(anonymous_17)","decl":{"start":{"line":157,"column":32},"end":{"line":157,"column":42}},"loc":{"start":{"line":157,"column":42},"end":{"line":159,"column":9}},"line":157},"18":{"name":"(anonymous_18)","decl":{"start":{"line":162,"column":32},"end":{"line":162,"column":33}},"loc":{"start":{"line":162,"column":42},"end":{"line":162,"column":53}},"line":162},"19":{"name":"(anonymous_19)","decl":{"start":{"line":165,"column":33},"end":{"line":165,"column":34}},"loc":{"start":{"line":165,"column":76},"end":{"line":186,"column":null}},"line":165},"20":{"name":"(anonymous_20)","decl":{"start":{"line":170,"column":52},"end":{"line":170,"column":57}},"loc":{"start":{"line":170,"column":57},"end":{"line":170,"column":74}},"line":170},"21":{"name":"(anonymous_21)","decl":{"start":{"line":176,"column":62},"end":{"line":176,"column":67}},"loc":{"start":{"line":176,"column":67},"end":{"line":176,"column":84}},"line":176},"22":{"name":"(anonymous_22)","decl":{"start":{"line":190,"column":25},"end":{"line":190,"column":31}},"loc":{"start":{"line":190,"column":31},"end":{"line":192,"column":null}},"line":190},"23":{"name":"(anonymous_23)","decl":{"start":{"line":194,"column":24},"end":{"line":194,"column":25}},"loc":{"start":{"line":194,"column":53},"end":{"line":210,"column":null}},"line":194},"24":{"name":"(anonymous_24)","decl":{"start":{"line":196,"column":42},"end":{"line":196,"column":47}},"loc":{"start":{"line":196,"column":47},"end":{"line":196,"column":81}},"line":196},"25":{"name":"(anonymous_25)","decl":{"start":{"line":212,"column":26},"end":{"line":212,"column":27}},"loc":{"start":{"line":212,"column":55},"end":{"line":227,"column":null}},"line":212},"26":{"name":"(anonymous_26)","decl":{"start":{"line":219,"column":50},"end":{"line":219,"column":55}},"loc":{"start":{"line":219,"column":55},"end":{"line":219,"column":83}},"line":219},"27":{"name":"useAuth","decl":{"start":{"line":238,"column":16},"end":{"line":238,"column":26}},"loc":{"start":{"line":238,"column":26},"end":{"line":242,"column":null}},"line":238}},"branchMap":{"0":{"loc":{"start":{"line":46,"column":26},"end":{"line":46,"column":68}},"type":"binary-expr","locations":[{"start":{"line":46,"column":26},"end":{"line":46,"column":62}},{"start":{"line":46,"column":62},"end":{"line":46,"column":68}}],"line":46},"1":{"loc":{"start":{"line":47,"column":2},"end":{"line":60,"column":null}},"type":"if","locations":[{"start":{"line":47,"column":2},"end":{"line":60,"column":null}},{"start":{},"end":{}}],"line":47},"2":{"loc":{"start":{"line":75,"column":4},"end":{"line":78,"column":null}},"type":"if","locations":[{"start":{"line":75,"column":4},"end":{"line":78,"column":null}},{"start":{},"end":{}}],"line":75},"3":{"loc":{"start":{"line":77,"column":23},"end":{"line":77,"column":38}},"type":"binary-expr","locations":[{"start":{"line":77,"column":23},"end":{"line":77,"column":34}},{"start":{"line":77,"column":34},"end":{"line":77,"column":38}}],"line":77},"4":{"loc":{"start":{"line":83,"column":46},"end":{"line":83,"column":102}},"type":"binary-expr","locations":[{"start":{"line":83,"column":46},"end":{"line":83,"column":83}},{"start":{"line":83,"column":83},"end":{"line":83,"column":102}}],"line":83},"5":{"loc":{"start":{"line":85,"column":4},"end":{"line":85,"column":null}},"type":"if","locations":[{"start":{"line":85,"column":4},"end":{"line":85,"column":null}},{"start":{},"end":{}}],"line":85},"6":{"loc":{"start":{"line":87,"column":54},"end":{"line":87,"column":101}},"type":"binary-expr","locations":[{"start":{"line":87,"column":54},"end":{"line":87,"column":97}},{"start":{"line":87,"column":97},"end":{"line":87,"column":101}}],"line":87},"7":{"loc":{"start":{"line":88,"column":4},"end":{"line":96,"column":null}},"type":"if","locations":[{"start":{"line":88,"column":4},"end":{"line":96,"column":null}},{"start":{},"end":{}}],"line":88},"8":{"loc":{"start":{"line":89,"column":6},"end":{"line":89,"column":null}},"type":"if","locations":[{"start":{"line":89,"column":6},"end":{"line":89,"column":null}},{"start":{},"end":{}}],"line":89},"9":{"loc":{"start":{"line":92,"column":8},"end":{"line":93,"column":null}},"type":"if","locations":[{"start":{"line":92,"column":8},"end":{"line":93,"column":null}},{"start":{"line":93,"column":13},"end":{"line":93,"column":null}}],"line":92},"10":{"loc":{"start":{"line":109,"column":4},"end":{"line":111,"column":null}},"type":"if","locations":[{"start":{"line":109,"column":4},"end":{"line":111,"column":null}},{"start":{},"end":{}}],"line":109},"11":{"loc":{"start":{"line":135,"column":4},"end":{"line":135,"column":null}},"type":"if","locations":[{"start":{"line":135,"column":4},"end":{"line":135,"column":null}},{"start":{},"end":{}}],"line":135},"12":{"loc":{"start":{"line":139,"column":4},"end":{"line":149,"column":null}},"type":"if","locations":[{"start":{"line":139,"column":4},"end":{"line":149,"column":null}},{"start":{},"end":{}}],"line":139},"13":{"loc":{"start":{"line":140,"column":6},"end":{"line":140,"column":null}},"type":"if","locations":[{"start":{"line":140,"column":6},"end":{"line":140,"column":null}},{"start":{},"end":{}}],"line":140},"14":{"loc":{"start":{"line":146,"column":22},"end":{"line":146,"column":52}},"type":"binary-expr","locations":[{"start":{"line":146,"column":22},"end":{"line":146,"column":47}},{"start":{"line":146,"column":47},"end":{"line":146,"column":52}}],"line":146},"15":{"loc":{"start":{"line":156,"column":6},"end":{"line":160,"column":null}},"type":"if","locations":[{"start":{"line":156,"column":6},"end":{"line":160,"column":null}},{"start":{},"end":{}}],"line":156},"16":{"loc":{"start":{"line":169,"column":6},"end":{"line":169,"column":null}},"type":"if","locations":[{"start":{"line":169,"column":6},"end":{"line":169,"column":null}},{"start":{},"end":{}}],"line":169},"17":{"loc":{"start":{"line":171,"column":6},"end":{"line":183,"column":null}},"type":"if","locations":[{"start":{"line":171,"column":6},"end":{"line":183,"column":null}},{"start":{},"end":{}}],"line":171},"18":{"loc":{"start":{"line":174,"column":8},"end":{"line":181,"column":null}},"type":"if","locations":[{"start":{"line":174,"column":8},"end":{"line":181,"column":null}},{"start":{},"end":{}}],"line":174},"19":{"loc":{"start":{"line":174,"column":12},"end":{"line":174,"column":70}},"type":"binary-expr","locations":[{"start":{"line":174,"column":12},"end":{"line":174,"column":29}},{"start":{"line":174,"column":29},"end":{"line":174,"column":70}}],"line":174},"20":{"loc":{"start":{"line":177,"column":13},"end":{"line":180,"column":null}},"type":"if","locations":[{"start":{"line":177,"column":13},"end":{"line":180,"column":null}},{"start":{},"end":{}}],"line":177},"21":{"loc":{"start":{"line":185,"column":4},"end":{"line":185,"column":null}},"type":"if","locations":[{"start":{"line":185,"column":4},"end":{"line":185,"column":null}},{"start":{},"end":{}}],"line":185},"22":{"loc":{"start":{"line":197,"column":4},"end":{"line":209,"column":null}},"type":"if","locations":[{"start":{"line":197,"column":4},"end":{"line":209,"column":null}},{"start":{},"end":{}}],"line":197},"23":{"loc":{"start":{"line":206,"column":7},"end":{"line":208,"column":null}},"type":"if","locations":[{"start":{"line":206,"column":7},"end":{"line":208,"column":null}},{"start":{},"end":{}}],"line":206},"24":{"loc":{"start":{"line":206,"column":11},"end":{"line":206,"column":76}},"type":"binary-expr","locations":[{"start":{"line":206,"column":11},"end":{"line":206,"column":28}},{"start":{"line":206,"column":28},"end":{"line":206,"column":76}}],"line":206},"25":{"loc":{"start":{"line":214,"column":4},"end":{"line":217,"column":null}},"type":"if","locations":[{"start":{"line":214,"column":4},"end":{"line":217,"column":null}},{"start":{},"end":{}}],"line":214},"26":{"loc":{"start":{"line":214,"column":8},"end":{"line":214,"column":67}},"type":"binary-expr","locations":[{"start":{"line":214,"column":8},"end":{"line":214,"column":25}},{"start":{"line":214,"column":25},"end":{"line":214,"column":67}}],"line":214},"27":{"loc":{"start":{"line":221,"column":4},"end":{"line":225,"column":null}},"type":"if","locations":[{"start":{"line":221,"column":4},"end":{"line":225,"column":null}},{"start":{},"end":{}}],"line":221},"28":{"loc":{"start":{"line":240,"column":2},"end":{"line":240,"column":null}},"type":"if","locations":[{"start":{"line":240,"column":2},"end":{"line":240,"column":null}},{"start":{},"end":{}}],"line":240}},"s":{"0":3,"1":3,"2":3,"3":3,"4":2,"5":2,"6":2,"7":3,"8":3,"9":0,"10":3,"11":3,"12":3,"13":3,"14":3,"15":0,"16":0,"17":0,"18":3,"19":0,"20":0,"21":0,"22":0,"23":0,"24":0,"25":0,"26":0,"27":0,"28":0,"29":0,"30":0,"31":0,"32":0,"33":0,"34":0,"35":0,"36":0,"37":0,"38":0,"39":0,"40":0,"41":0,"42":3,"43":0,"44":0,"45":0,"46":0,"47":0,"48":0,"49":0,"50":0,"51":3,"52":0,"53":0,"54":0,"55":0,"56":0,"57":3,"58":0,"59":0,"60":0,"61":0,"62":0,"63":0,"64":0,"65":0,"66":0,"67":0,"68":0,"69":0,"70":3,"71":0,"72":0,"73":0,"74":0,"75":0,"76":0,"77":0,"78":0,"79":3,"80":0,"81":0,"82":0,"83":0,"84":0,"85":0,"86":0,"87":0,"88":0,"89":0,"90":0,"91":0,"92":0,"93":0,"94":0,"95":0,"96":0,"97":0,"98":0,"99":0,"100":3,"101":0,"102":3,"103":0,"104":0,"105":0,"106":0,"107":0,"108":0,"109":0,"110":0,"111":3,"112":0,"113":0,"114":0,"115":0,"116":0,"117":0,"118":0,"119":0,"120":0,"121":0,"122":0,"123":3,"124":3,"125":9,"126":9,"127":0,"128":9},"f":{"0":3,"1":0,"2":3,"3":3,"4":0,"5":0,"6":0,"7":0,"8":0,"9":0,"10":0,"11":0,"12":0,"13":0,"14":0,"15":0,"16":0,"17":0,"18":0,"19":0,"20":0,"21":0,"22":0,"23":0,"24":0,"25":0,"26":0,"27":9},"b":{"0":[3,2],"1":[2,1],"2":[0,3],"3":[0,0],"4":[0,0],"5":[0,0],"6":[0,0],"7":[0,0],"8":[0,0],"9":[0,0],"10":[0,0],"11":[0,0],"12":[0,0],"13":[0,0],"14":[0,0],"15":[0,0],"16":[0,0],"17":[0,0],"18":[0,0],"19":[0,0],"20":[0,0],"21":[0,0],"22":[0,0],"23":[0,0],"24":[0,0],"25":[0,0],"26":[0,0],"27":[0,0],"28":[0,9]},"meta":{"lastBranch":29,"lastFunction":28,"lastStatement":129,"seen":{"s:43:19:43:Infinity":0,"s:45:23:62:Infinity":1,"f:45:23:45:84":0,"s:46:15:46:Infinity":2,"b:46:26:46:62:46:62:46:68":0,"b:47:2:60:Infinity:undefined:undefined:undefined:undefined":1,"s:47:2:60:Infinity":3,"s:48:31:57:Infinity":4,"s:58:4:58:Infinity":5,"s:59:4:59:Infinity":6,"s:61:2:61:Infinity":7,"s:64:23:66:Infinity":8,"f:64:23:64:24":1,"s:65:2:65:Infinity":9,"s:68:6:68:Infinity":10,"f:70:16:70:29":2,"s:71:40:71:Infinity":11,"s:73:2:79:Infinity":12,"f:73:12:73:18":3,"s:74:19:74:Infinity":13,"b:75:4:78:Infinity:undefined:undefined:undefined:undefined":2,"s:75:4:78:Infinity":14,"s:76:22:76:Infinity":15,"f:76:43:76:48":4,"s:76:48:76:81":16,"s:77:6:77:Infinity":17,"b:77:23:77:34:77:34:77:38":3,"s:81:16:105:Infinity":18,"f:81:16:81:17":5,"s:82:19:82:Infinity":19,"s:83:20:83:Infinity":20,"f:83:41:83:46":6,"s:83:46:83:102":21,"b:83:46:83:83:83:83:83:102":4,"b:85:4:85:Infinity:undefined:undefined:undefined:undefined":5,"s:85:4:85:Infinity":22,"s:85:18:85:Infinity":23,"s:87:43:87:Infinity":24,"b:87:54:87:97:87:97:87:101":6,"b:88:4:96:Infinity:undefined:undefined:undefined:undefined":7,"s:88:4:96:Infinity":25,"b:89:6:89:Infinity:undefined:undefined:undefined:undefined":8,"s:89:6:89:Infinity":26,"s:89:28:89:Infinity":27,"s:90:6:94:Infinity":28,"f:90:30:90:38":7,"s:91:26:91:Infinity":29,"f:91:47:91:52":8,"s:91:52:91:68":30,"b:92:8:93:Infinity:93:13:93:Infinity":9,"s:92:8:93:Infinity":31,"s:92:23:92:Infinity":32,"s:93:13:93:Infinity":33,"s:95:6:95:Infinity":34,"s:98:4:98:Infinity":35,"s:99:22:99:Infinity":36,"f:99:48:99:53":9,"s:99:53:99:80":37,"s:100:4:100:Infinity":38,"s:102:4:102:Infinity":39,"s:103:4:103:Infinity":40,"s:104:4:104:Infinity":41,"s:107:19:124:Infinity":42,"f:107:19:107:20":10,"s:108:19:108:Infinity":43,"b:109:4:111:Infinity:undefined:undefined:undefined:undefined":10,"s:109:4:111:Infinity":44,"f:109:29:109:34":11,"s:109:34:109:73":45,"s:110:6:110:Infinity":46,"s:113:34:119:Infinity":47,"s:121:4:121:Infinity":48,"s:122:4:122:Infinity":49,"s:123:4:123:Infinity":50,"s:126:17:132:Infinity":51,"f:126:17:126:23":12,"s:127:19:127:Infinity":52,"s:128:4:128:Infinity":53,"s:129:4:129:Infinity":54,"s:130:4:130:Infinity":55,"s:131:4:131:Infinity":56,"s:134:24:150:Infinity":57,"f:134:24:134:25":13,"b:135:4:135:Infinity:undefined:undefined:undefined:undefined":11,"s:135:4:135:Infinity":58,"s:135:24:135:Infinity":59,"s:136:19:136:Infinity":60,"s:137:22:137:Infinity":61,"f:137:48:137:53":14,"s:137:53:137:86":62,"b:139:4:149:Infinity:undefined:undefined:undefined:undefined":12,"s:139:4:149:Infinity":63,"b:140:6:140:Infinity:undefined:undefined:undefined:undefined":13,"s:140:6:140:Infinity":64,"s:140:47:140:Infinity":65,"s:141:6:141:Infinity":66,"s:142:6:142:Infinity":67,"s:143:6:143:Infinity":68,"s:144:6:148:Infinity":69,"b:146:22:146:47:146:47:146:52":14,"s:152:24:163:Infinity":70,"f:152:24:152:30":15,"s:153:19:153:Infinity":71,"s:154:93:154:Infinity":72,"s:155:4:161:Infinity":73,"f:155:28:155:39":16,"b:156:6:160:Infinity:undefined:undefined:undefined:undefined":15,"s:156:6:160:Infinity":74,"s:157:8:159:Infinity":75,"f:157:32:157:42":17,"s:158:10:158:Infinity":76,"s:162:4:162:Infinity":77,"f:162:32:162:33":18,"s:162:42:162:53":78,"s:165:33:186:Infinity":79,"f:165:33:165:34":19,"s:166:19:166:Infinity":80,"s:167:27:167:Infinity":81,"s:168:4:184:Infinity":82,"b:169:6:169:Infinity:undefined:undefined:undefined:undefined":16,"s:169:6:169:Infinity":83,"s:169:28:169:Infinity":84,"s:170:26:170:Infinity":85,"f:170:52:170:57":20,"s:170:57:170:74":86,"b:171:6:183:Infinity:undefined:undefined:undefined:undefined":17,"s:171:6:183:Infinity":87,"s:172:8:172:Infinity":88,"s:173:8:173:Infinity":89,"b:174:8:181:Infinity:undefined:undefined:undefined:undefined":18,"s:174:8:181:Infinity":90,"b:174:12:174:29:174:29:174:70":19,"s:175:41:175:Infinity":91,"s:176:32:176:Infinity":92,"f:176:62:176:67":21,"s:176:67:176:84":93,"b:177:13:180:Infinity:undefined:undefined:undefined:undefined":20,"s:177:13:180:Infinity":94,"s:178:17:178:Infinity":95,"s:179:17:179:Infinity":96,"s:182:8:182:Infinity":97,"b:185:4:185:Infinity:undefined:undefined:undefined:undefined":21,"s:185:4:185:Infinity":98,"s:185:26:185:Infinity":99,"s:190:25:192:Infinity":100,"f:190:25:190:31":22,"s:191:4:191:Infinity":101,"s:194:24:210:Infinity":102,"f:194:24:194:25":23,"s:195:19:195:Infinity":103,"s:196:16:196:Infinity":104,"f:196:42:196:47":24,"s:196:47:196:81":105,"b:197:4:209:Infinity:undefined:undefined:undefined:undefined":22,"s:197:4:209:Infinity":106,"s:199:7:203:Infinity":107,"s:204:7:204:Infinity":108,"b:206:7:208:Infinity:undefined:undefined:undefined:undefined":23,"s:206:7:208:Infinity":109,"b:206:11:206:28:206:28:206:76":24,"s:207:11:207:Infinity":110,"s:212:26:227:Infinity":111,"f:212:26:212:27":25,"b:214:4:217:Infinity:undefined:undefined:undefined:undefined":25,"s:214:4:217:Infinity":112,"b:214:8:214:25:214:25:214:67":26,"s:215:8:215:Infinity":113,"s:216:8:216:Infinity":114,"s:218:19:218:Infinity":115,"s:219:27:219:Infinity":116,"f:219:50:219:55":26,"s:219:55:219:83":117,"b:221:4:225:Infinity:undefined:undefined:undefined:undefined":27,"s:221:4:225:Infinity":118,"s:222:8:222:Infinity":119,"s:223:8:223:Infinity":120,"s:224:8:224:Infinity":121,"s:226:4:226:Infinity":122,"s:229:16:233:Infinity":123,"s:235:2:235:Infinity":124,"f:238:16:238:26":27,"s:239:8:239:Infinity":125,"b:240:2:240:Infinity:undefined:undefined:undefined:undefined":28,"s:240:2:240:Infinity":126,"s:240:29:240:Infinity":127,"s:241:2:241:Infinity":128}}}
,"/home/gutt/Documentos/Fruta-Solar/my-new-project/src/context/CartContext.tsx": {"path":"/home/gutt/Documentos/Fruta-Solar/my-new-project/src/context/CartContext.tsx","statementMap":{"0":{"start":{"line":19,"column":6},"end":{"line":19,"column":null}},"1":{"start":{"line":22,"column":28},"end":{"line":22,"column":null}},"2":{"start":{"line":24,"column":39},"end":{"line":24,"column":null}},"3":{"start":{"line":25,"column":40},"end":{"line":25,"column":null}},"4":{"start":{"line":27,"column":2},"end":{"line":34,"column":null}},"5":{"start":{"line":28,"column":4},"end":{"line":33,"column":null}},"6":{"start":{"line":29,"column":6},"end":{"line":29,"column":null}},"7":{"start":{"line":31,"column":30},"end":{"line":31,"column":null}},"8":{"start":{"line":32,"column":6},"end":{"line":32,"column":null}},"9":{"start":{"line":36,"column":25},"end":{"line":49,"column":null}},"10":{"start":{"line":37,"column":4},"end":{"line":37,"column":null}},"11":{"start":{"line":39,"column":4},"end":{"line":48,"column":null}},"12":{"start":{"line":40,"column":21},"end":{"line":40,"column":null}},"13":{"start":{"line":41,"column":24},"end":{"line":41,"column":null}},"14":{"start":{"line":41,"column":66},"end":{"line":41,"column":99}},"15":{"start":{"line":42,"column":6},"end":{"line":45,"column":null}},"16":{"start":{"line":43,"column":8},"end":{"line":43,"column":null}},"17":{"start":{"line":44,"column":8},"end":{"line":44,"column":null}},"18":{"start":{"line":47,"column":6},"end":{"line":47,"column":null}},"19":{"start":{"line":51,"column":27},"end":{"line":74,"column":null}},"20":{"start":{"line":52,"column":28},"end":{"line":52,"column":null}},"21":{"start":{"line":53,"column":4},"end":{"line":56,"column":null}},"22":{"start":{"line":54,"column":6},"end":{"line":54,"column":null}},"23":{"start":{"line":55,"column":6},"end":{"line":55,"column":null}},"24":{"start":{"line":58,"column":22},"end":{"line":58,"column":null}},"25":{"start":{"line":58,"column":43},"end":{"line":58,"column":66}},"26":{"start":{"line":60,"column":4},"end":{"line":71,"column":null}},"27":{"start":{"line":61,"column":6},"end":{"line":64,"column":null}},"28":{"start":{"line":62,"column":8},"end":{"line":62,"column":null}},"29":{"start":{"line":63,"column":8},"end":{"line":63,"column":null}},"30":{"start":{"line":65,"column":27},"end":{"line":67,"column":null}},"31":{"start":{"line":66,"column":8},"end":{"line":66,"column":null}},"32":{"start":{"line":68,"column":6},"end":{"line":68,"column":null}},"33":{"start":{"line":70,"column":6},"end":{"line":70,"column":null}},"34":{"start":{"line":72,"column":4},"end":{"line":72,"column":null}},"35":{"start":{"line":73,"column":4},"end":{"line":73,"column":null}},"36":{"start":{"line":76,"column":27},"end":{"line":79,"column":null}},"37":{"start":{"line":77,"column":25},"end":{"line":77,"column":null}},"38":{"start":{"line":77,"column":48},"end":{"line":77,"column":62}},"39":{"start":{"line":78,"column":4},"end":{"line":78,"column":null}},"40":{"start":{"line":81,"column":29},"end":{"line":97,"column":null}},"41":{"start":{"line":82,"column":4},"end":{"line":85,"column":null}},"42":{"start":{"line":83,"column":6},"end":{"line":83,"column":null}},"43":{"start":{"line":84,"column":6},"end":{"line":84,"column":null}},"44":{"start":{"line":87,"column":28},"end":{"line":87,"column":null}},"45":{"start":{"line":88,"column":4},"end":{"line":91,"column":null}},"46":{"start":{"line":89,"column":6},"end":{"line":89,"column":null}},"47":{"start":{"line":90,"column":6},"end":{"line":90,"column":null}},"48":{"start":{"line":93,"column":25},"end":{"line":95,"column":null}},"49":{"start":{"line":94,"column":6},"end":{"line":94,"column":null}},"50":{"start":{"line":96,"column":4},"end":{"line":96,"column":null}},"51":{"start":{"line":99,"column":24},"end":{"line":101,"column":null}},"52":{"start":{"line":100,"column":4},"end":{"line":100,"column":null}},"53":{"start":{"line":103,"column":23},"end":{"line":103,"column":null}},"54":{"start":{"line":103,"column":53},"end":{"line":103,"column":90}},"55":{"start":{"line":104,"column":21},"end":{"line":104,"column":null}},"56":{"start":{"line":104,"column":51},"end":{"line":104,"column":72}},"57":{"start":{"line":107,"column":26},"end":{"line":142,"column":null}},"58":{"start":{"line":108,"column":4},"end":{"line":108,"column":null}},"59":{"start":{"line":108,"column":48},"end":{"line":108,"column":null}},"60":{"start":{"line":111,"column":4},"end":{"line":117,"column":null}},"61":{"start":{"line":112,"column":27},"end":{"line":112,"column":null}},"62":{"start":{"line":113,"column":6},"end":{"line":116,"column":null}},"63":{"start":{"line":114,"column":8},"end":{"line":114,"column":null}},"64":{"start":{"line":115,"column":8},"end":{"line":115,"column":null}},"65":{"start":{"line":120,"column":32},"end":{"line":127,"column":null}},"66":{"start":{"line":130,"column":4},"end":{"line":132,"column":null}},"67":{"start":{"line":131,"column":6},"end":{"line":131,"column":null}},"68":{"start":{"line":135,"column":4},"end":{"line":135,"column":null}},"69":{"start":{"line":138,"column":4},"end":{"line":138,"column":null}},"70":{"start":{"line":139,"column":4},"end":{"line":139,"column":null}},"71":{"start":{"line":141,"column":4},"end":{"line":141,"column":null}},"72":{"start":{"line":144,"column":16},"end":{"line":153,"column":null}},"73":{"start":{"line":155,"column":2},"end":{"line":155,"column":null}},"74":{"start":{"line":159,"column":8},"end":{"line":159,"column":null}},"75":{"start":{"line":160,"column":2},"end":{"line":162,"column":null}},"76":{"start":{"line":161,"column":4},"end":{"line":161,"column":null}},"77":{"start":{"line":163,"column":2},"end":{"line":163,"column":null}}},"fnMap":{"0":{"name":"CartProvider","decl":{"start":{"line":21,"column":16},"end":{"line":21,"column":29}},"loc":{"start":{"line":21,"column":68},"end":{"line":156,"column":null}},"line":21},"1":{"name":"(anonymous_1)","decl":{"start":{"line":27,"column":12},"end":{"line":27,"column":18}},"loc":{"start":{"line":27,"column":18},"end":{"line":34,"column":5}},"line":27},"2":{"name":"(anonymous_2)","decl":{"start":{"line":36,"column":25},"end":{"line":36,"column":26}},"loc":{"start":{"line":36,"column":58},"end":{"line":49,"column":null}},"line":36},"3":{"name":"(anonymous_3)","decl":{"start":{"line":41,"column":50},"end":{"line":41,"column":51}},"loc":{"start":{"line":41,"column":66},"end":{"line":41,"column":99}},"line":41},"4":{"name":"(anonymous_4)","decl":{"start":{"line":51,"column":27},"end":{"line":51,"column":28}},"loc":{"start":{"line":51,"column":51},"end":{"line":74,"column":null}},"line":51},"5":{"name":"(anonymous_5)","decl":{"start":{"line":58,"column":35},"end":{"line":58,"column":43}},"loc":{"start":{"line":58,"column":43},"end":{"line":58,"column":66}},"line":58},"6":{"name":"(anonymous_6)","decl":{"start":{"line":65,"column":39},"end":{"line":65,"column":null}},"loc":{"start":{"line":66,"column":8},"end":{"line":66,"column":null}},"line":66},"7":{"name":"(anonymous_7)","decl":{"start":{"line":76,"column":27},"end":{"line":76,"column":28}},"loc":{"start":{"line":76,"column":43},"end":{"line":79,"column":null}},"line":76},"8":{"name":"(anonymous_8)","decl":{"start":{"line":77,"column":40},"end":{"line":77,"column":48}},"loc":{"start":{"line":77,"column":48},"end":{"line":77,"column":62}},"line":77},"9":{"name":"(anonymous_9)","decl":{"start":{"line":81,"column":29},"end":{"line":81,"column":30}},"loc":{"start":{"line":81,"column":68},"end":{"line":97,"column":null}},"line":81},"10":{"name":"(anonymous_10)","decl":{"start":{"line":93,"column":37},"end":{"line":93,"column":null}},"loc":{"start":{"line":94,"column":6},"end":{"line":94,"column":null}},"line":94},"11":{"name":"(anonymous_11)","decl":{"start":{"line":99,"column":24},"end":{"line":99,"column":30}},"loc":{"start":{"line":99,"column":30},"end":{"line":101,"column":null}},"line":99},"12":{"name":"(anonymous_12)","decl":{"start":{"line":103,"column":38},"end":{"line":103,"column":39}},"loc":{"start":{"line":103,"column":53},"end":{"line":103,"column":90}},"line":103},"13":{"name":"(anonymous_13)","decl":{"start":{"line":104,"column":36},"end":{"line":104,"column":37}},"loc":{"start":{"line":104,"column":51},"end":{"line":104,"column":72}},"line":104},"14":{"name":"(anonymous_14)","decl":{"start":{"line":107,"column":26},"end":{"line":107,"column":32}},"loc":{"start":{"line":107,"column":32},"end":{"line":142,"column":null}},"line":107},"15":{"name":"(anonymous_15)","decl":{"start":{"line":130,"column":20},"end":{"line":130,"column":28}},"loc":{"start":{"line":130,"column":28},"end":{"line":132,"column":5}},"line":130},"16":{"name":"useCart","decl":{"start":{"line":158,"column":16},"end":{"line":158,"column":26}},"loc":{"start":{"line":158,"column":26},"end":{"line":164,"column":null}},"line":158}},"branchMap":{"0":{"loc":{"start":{"line":28,"column":4},"end":{"line":33,"column":null}},"type":"if","locations":[{"start":{"line":28,"column":4},"end":{"line":33,"column":null}},{"start":{"line":30,"column":11},"end":{"line":33,"column":null}}],"line":28},"1":{"loc":{"start":{"line":29,"column":17},"end":{"line":29,"column":44}},"type":"binary-expr","locations":[{"start":{"line":29,"column":17},"end":{"line":29,"column":42}},{"start":{"line":29,"column":42},"end":{"line":29,"column":44}}],"line":29},"2":{"loc":{"start":{"line":31,"column":41},"end":{"line":31,"column":88}},"type":"binary-expr","locations":[{"start":{"line":31,"column":41},"end":{"line":31,"column":84}},{"start":{"line":31,"column":84},"end":{"line":31,"column":88}}],"line":31},"3":{"loc":{"start":{"line":39,"column":4},"end":{"line":48,"column":null}},"type":"if","locations":[{"start":{"line":39,"column":4},"end":{"line":48,"column":null}},{"start":{"line":46,"column":11},"end":{"line":48,"column":null}}],"line":39},"4":{"loc":{"start":{"line":40,"column":32},"end":{"line":40,"column":72}},"type":"binary-expr","locations":[{"start":{"line":40,"column":32},"end":{"line":40,"column":68}},{"start":{"line":40,"column":68},"end":{"line":40,"column":72}}],"line":40},"5":{"loc":{"start":{"line":42,"column":6},"end":{"line":45,"column":null}},"type":"if","locations":[{"start":{"line":42,"column":6},"end":{"line":45,"column":null}},{"start":{},"end":{}}],"line":42},"6":{"loc":{"start":{"line":53,"column":4},"end":{"line":56,"column":null}},"type":"if","locations":[{"start":{"line":53,"column":4},"end":{"line":56,"column":null}},{"start":{},"end":{}}],"line":53},"7":{"loc":{"start":{"line":53,"column":8},"end":{"line":53,"column":56}},"type":"binary-expr","locations":[{"start":{"line":53,"column":8},"end":{"line":53,"column":28}},{"start":{"line":53,"column":28},"end":{"line":53,"column":56}}],"line":53},"8":{"loc":{"start":{"line":60,"column":4},"end":{"line":71,"column":null}},"type":"if","locations":[{"start":{"line":60,"column":4},"end":{"line":71,"column":null}},{"start":{"line":69,"column":11},"end":{"line":71,"column":null}}],"line":60},"9":{"loc":{"start":{"line":61,"column":6},"end":{"line":64,"column":null}},"type":"if","locations":[{"start":{"line":61,"column":6},"end":{"line":64,"column":null}},{"start":{},"end":{}}],"line":61},"10":{"loc":{"start":{"line":66,"column":8},"end":{"line":66,"column":null}},"type":"cond-expr","locations":[{"start":{"line":66,"column":34},"end":{"line":66,"column":77}},{"start":{"line":66,"column":77},"end":{"line":66,"column":null}}],"line":66},"11":{"loc":{"start":{"line":82,"column":4},"end":{"line":85,"column":null}},"type":"if","locations":[{"start":{"line":82,"column":4},"end":{"line":85,"column":null}},{"start":{},"end":{}}],"line":82},"12":{"loc":{"start":{"line":88,"column":4},"end":{"line":91,"column":null}},"type":"if","locations":[{"start":{"line":88,"column":4},"end":{"line":91,"column":null}},{"start":{},"end":{}}],"line":88},"13":{"loc":{"start":{"line":88,"column":8},"end":{"line":88,"column":66}},"type":"binary-expr","locations":[{"start":{"line":88,"column":8},"end":{"line":88,"column":27}},{"start":{"line":88,"column":27},"end":{"line":88,"column":66}}],"line":88},"14":{"loc":{"start":{"line":94,"column":6},"end":{"line":94,"column":null}},"type":"cond-expr","locations":[{"start":{"line":94,"column":23},"end":{"line":94,"column":62}},{"start":{"line":94,"column":62},"end":{"line":94,"column":null}}],"line":94},"15":{"loc":{"start":{"line":108,"column":4},"end":{"line":108,"column":null}},"type":"if","locations":[{"start":{"line":108,"column":4},"end":{"line":108,"column":null}},{"start":{},"end":{}}],"line":108},"16":{"loc":{"start":{"line":108,"column":8},"end":{"line":108,"column":48}},"type":"binary-expr","locations":[{"start":{"line":108,"column":8},"end":{"line":108,"column":26}},{"start":{"line":108,"column":26},"end":{"line":108,"column":48}}],"line":108},"17":{"loc":{"start":{"line":113,"column":6},"end":{"line":116,"column":null}},"type":"if","locations":[{"start":{"line":113,"column":6},"end":{"line":116,"column":null}},{"start":{},"end":{}}],"line":113},"18":{"loc":{"start":{"line":113,"column":10},"end":{"line":113,"column":63}},"type":"binary-expr","locations":[{"start":{"line":113,"column":10},"end":{"line":113,"column":27}},{"start":{"line":113,"column":27},"end":{"line":113,"column":63}}],"line":113},"19":{"loc":{"start":{"line":160,"column":2},"end":{"line":162,"column":null}},"type":"if","locations":[{"start":{"line":160,"column":2},"end":{"line":162,"column":null}},{"start":{},"end":{}}],"line":160}},"s":{"0":2,"1":3,"2":3,"3":3,"4":3,"5":1,"6":0,"7":1,"8":1,"9":3,"10":1,"11":1,"12":0,"13":0,"14":0,"15":0,"16":0,"17":0,"18":1,"19":3,"20":1,"21":1,"22":0,"23":0,"24":1,"25":0,"26":1,"27":0,"28":0,"29":0,"30":0,"31":0,"32":0,"33":1,"34":1,"35":1,"36":3,"37":0,"38":0,"39":0,"40":3,"41":0,"42":0,"43":0,"44":0,"45":0,"46":0,"47":0,"48":0,"49":0,"50":0,"51":3,"52":0,"53":3,"54":1,"55":3,"56":1,"57":3,"58":0,"59":0,"60":0,"61":0,"62":0,"63":0,"64":0,"65":0,"66":0,"67":0,"68":0,"69":0,"70":0,"71":0,"72":3,"73":3,"74":6,"75":6,"76":0,"77":6},"f":{"0":3,"1":1,"2":1,"3":0,"4":1,"5":0,"6":0,"7":0,"8":0,"9":0,"10":0,"11":0,"12":1,"13":1,"14":0,"15":0,"16":6},"b":{"0":[0,1],"1":[0,0],"2":[1,1],"3":[0,1],"4":[0,0],"5":[0,0],"6":[0,1],"7":[1,1],"8":[0,1],"9":[0,0],"10":[0,0],"11":[0,0],"12":[0,0],"13":[0,0],"14":[0,0],"15":[0,0],"16":[0,0],"17":[0,0],"18":[0,0],"19":[0,6]},"meta":{"lastBranch":20,"lastFunction":17,"lastStatement":78,"seen":{"s:19:6:19:Infinity":0,"f:21:16:21:29":0,"s:22:28:22:Infinity":1,"s:24:39:24:Infinity":2,"s:25:40:25:Infinity":3,"s:27:2:34:Infinity":4,"f:27:12:27:18":1,"b:28:4:33:Infinity:30:11:33:Infinity":0,"s:28:4:33:Infinity":5,"s:29:6:29:Infinity":6,"b:29:17:29:42:29:42:29:44":1,"s:31:30:31:Infinity":7,"b:31:41:31:84:31:84:31:88":2,"s:32:6:32:Infinity":8,"s:36:25:49:Infinity":9,"f:36:25:36:26":2,"s:37:4:37:Infinity":10,"b:39:4:48:Infinity:46:11:48:Infinity":3,"s:39:4:48:Infinity":11,"s:40:21:40:Infinity":12,"b:40:32:40:68:40:68:40:72":4,"s:41:24:41:Infinity":13,"f:41:50:41:51":3,"s:41:66:41:99":14,"b:42:6:45:Infinity:undefined:undefined:undefined:undefined":5,"s:42:6:45:Infinity":15,"s:43:8:43:Infinity":16,"s:44:8:44:Infinity":17,"s:47:6:47:Infinity":18,"s:51:27:74:Infinity":19,"f:51:27:51:28":4,"s:52:28:52:Infinity":20,"b:53:4:56:Infinity:undefined:undefined:undefined:undefined":6,"s:53:4:56:Infinity":21,"b:53:8:53:28:53:28:53:56":7,"s:54:6:54:Infinity":22,"s:55:6:55:Infinity":23,"s:58:22:58:Infinity":24,"f:58:35:58:43":5,"s:58:43:58:66":25,"b:60:4:71:Infinity:69:11:71:Infinity":8,"s:60:4:71:Infinity":26,"b:61:6:64:Infinity:undefined:undefined:undefined:undefined":9,"s:61:6:64:Infinity":27,"s:62:8:62:Infinity":28,"s:63:8:63:Infinity":29,"s:65:27:67:Infinity":30,"f:65:39:65:Infinity":6,"s:66:8:66:Infinity":31,"b:66:34:66:77:66:77:66:Infinity":10,"s:68:6:68:Infinity":32,"s:70:6:70:Infinity":33,"s:72:4:72:Infinity":34,"s:73:4:73:Infinity":35,"s:76:27:79:Infinity":36,"f:76:27:76:28":7,"s:77:25:77:Infinity":37,"f:77:40:77:48":8,"s:77:48:77:62":38,"s:78:4:78:Infinity":39,"s:81:29:97:Infinity":40,"f:81:29:81:30":9,"b:82:4:85:Infinity:undefined:undefined:undefined:undefined":11,"s:82:4:85:Infinity":41,"s:83:6:83:Infinity":42,"s:84:6:84:Infinity":43,"s:87:28:87:Infinity":44,"b:88:4:91:Infinity:undefined:undefined:undefined:undefined":12,"s:88:4:91:Infinity":45,"b:88:8:88:27:88:27:88:66":13,"s:89:6:89:Infinity":46,"s:90:6:90:Infinity":47,"s:93:25:95:Infinity":48,"f:93:37:93:Infinity":10,"s:94:6:94:Infinity":49,"b:94:23:94:62:94:62:94:Infinity":14,"s:96:4:96:Infinity":50,"s:99:24:101:Infinity":51,"f:99:24:99:30":11,"s:100:4:100:Infinity":52,"s:103:23:103:Infinity":53,"f:103:38:103:39":12,"s:103:53:103:90":54,"s:104:21:104:Infinity":55,"f:104:36:104:37":13,"s:104:51:104:72":56,"s:107:26:142:Infinity":57,"f:107:26:107:32":14,"b:108:4:108:Infinity:undefined:undefined:undefined:undefined":15,"s:108:4:108:Infinity":58,"b:108:8:108:26:108:26:108:48":16,"s:108:48:108:Infinity":59,"s:111:4:117:Infinity":60,"s:112:27:112:Infinity":61,"b:113:6:116:Infinity:undefined:undefined:undefined:undefined":17,"s:113:6:116:Infinity":62,"b:113:10:113:27:113:27:113:63":18,"s:114:8:114:Infinity":63,"s:115:8:115:Infinity":64,"s:120:32:127:Infinity":65,"s:130:4:132:Infinity":66,"f:130:20:130:28":15,"s:131:6:131:Infinity":67,"s:135:4:135:Infinity":68,"s:138:4:138:Infinity":69,"s:139:4:139:Infinity":70,"s:141:4:141:Infinity":71,"s:144:16:153:Infinity":72,"s:155:2:155:Infinity":73,"f:158:16:158:26":16,"s:159:8:159:Infinity":74,"b:160:2:162:Infinity:undefined:undefined:undefined:undefined":19,"s:160:2:162:Infinity":75,"s:161:4:161:Infinity":76,"s:163:2:163:Infinity":77}}}
,"/home/gutt/Documentos/Fruta-Solar/my-new-project/src/context/ProductContext.tsx": {"path":"/home/gutt/Documentos/Fruta-Solar/my-new-project/src/context/ProductContext.tsx","statementMap":{"0":{"start":{"line":15,"column":6},"end":{"line":15,"column":null}},"1":{"start":{"line":18,"column":32},"end":{"line":18,"column":null}},"2":{"start":{"line":21,"column":2},"end":{"line":33,"column":null}},"3":{"start":{"line":22,"column":4},"end":{"line":32,"column":null}},"4":{"start":{"line":23,"column":28},"end":{"line":23,"column":null}},"5":{"start":{"line":24,"column":6},"end":{"line":27,"column":null}},"6":{"start":{"line":25,"column":8},"end":{"line":25,"column":null}},"7":{"start":{"line":26,"column":8},"end":{"line":26,"column":null}},"8":{"start":{"line":28,"column":6},"end":{"line":28,"column":null}},"9":{"start":{"line":30,"column":6},"end":{"line":30,"column":null}},"10":{"start":{"line":31,"column":6},"end":{"line":31,"column":null}},"11":{"start":{"line":36,"column":27},"end":{"line":39,"column":null}},"12":{"start":{"line":37,"column":4},"end":{"line":37,"column":null}},"13":{"start":{"line":38,"column":4},"end":{"line":38,"column":null}},"14":{"start":{"line":41,"column":26},"end":{"line":41,"column":null}},"15":{"start":{"line":41,"column":42},"end":{"line":41,"column":null}},"16":{"start":{"line":41,"column":62},"end":{"line":41,"column":73}},"17":{"start":{"line":43,"column":23},"end":{"line":46,"column":null}},"18":{"start":{"line":44,"column":19},"end":{"line":44,"column":null}},"19":{"start":{"line":44,"column":38},"end":{"line":44,"column":104}},"20":{"start":{"line":45,"column":4},"end":{"line":45,"column":null}},"21":{"start":{"line":50,"column":26},"end":{"line":53,"column":null}},"22":{"start":{"line":52,"column":4},"end":{"line":52,"column":null}},"23":{"start":{"line":55,"column":25},"end":{"line":58,"column":null}},"24":{"start":{"line":56,"column":19},"end":{"line":56,"column":null}},"25":{"start":{"line":56,"column":38},"end":{"line":56,"column":95}},"26":{"start":{"line":57,"column":4},"end":{"line":57,"column":null}},"27":{"start":{"line":60,"column":27},"end":{"line":63,"column":null}},"28":{"start":{"line":61,"column":19},"end":{"line":61,"column":null}},"29":{"start":{"line":61,"column":41},"end":{"line":61,"column":52}},"30":{"start":{"line":62,"column":4},"end":{"line":62,"column":null}},"31":{"start":{"line":65,"column":16},"end":{"line":72,"column":null}},"32":{"start":{"line":74,"column":2},"end":{"line":74,"column":null}},"33":{"start":{"line":78,"column":8},"end":{"line":78,"column":null}},"34":{"start":{"line":79,"column":2},"end":{"line":81,"column":null}},"35":{"start":{"line":80,"column":4},"end":{"line":80,"column":null}},"36":{"start":{"line":82,"column":2},"end":{"line":82,"column":null}}},"fnMap":{"0":{"name":"ProductProvider","decl":{"start":{"line":17,"column":16},"end":{"line":17,"column":32}},"loc":{"start":{"line":17,"column":71},"end":{"line":75,"column":null}},"line":17},"1":{"name":"(anonymous_1)","decl":{"start":{"line":21,"column":12},"end":{"line":21,"column":18}},"loc":{"start":{"line":21,"column":18},"end":{"line":33,"column":5}},"line":21},"2":{"name":"(anonymous_2)","decl":{"start":{"line":36,"column":27},"end":{"line":36,"column":28}},"loc":{"start":{"line":36,"column":60},"end":{"line":39,"column":null}},"line":36},"3":{"name":"(anonymous_3)","decl":{"start":{"line":41,"column":26},"end":{"line":41,"column":27}},"loc":{"start":{"line":41,"column":42},"end":{"line":41,"column":null}},"line":41},"4":{"name":"(anonymous_4)","decl":{"start":{"line":41,"column":57},"end":{"line":41,"column":62}},"loc":{"start":{"line":41,"column":62},"end":{"line":41,"column":73}},"line":41},"5":{"name":"(anonymous_5)","decl":{"start":{"line":43,"column":23},"end":{"line":43,"column":24}},"loc":{"start":{"line":43,"column":57},"end":{"line":46,"column":null}},"line":43},"6":{"name":"(anonymous_6)","decl":{"start":{"line":44,"column":33},"end":{"line":44,"column":38}},"loc":{"start":{"line":44,"column":38},"end":{"line":44,"column":104}},"line":44},"7":{"name":"(anonymous_7)","decl":{"start":{"line":50,"column":26},"end":{"line":50,"column":27}},"loc":{"start":{"line":50,"column":55},"end":{"line":53,"column":null}},"line":50},"8":{"name":"(anonymous_8)","decl":{"start":{"line":55,"column":25},"end":{"line":55,"column":26}},"loc":{"start":{"line":55,"column":60},"end":{"line":58,"column":null}},"line":55},"9":{"name":"(anonymous_9)","decl":{"start":{"line":56,"column":33},"end":{"line":56,"column":38}},"loc":{"start":{"line":56,"column":38},"end":{"line":56,"column":95}},"line":56},"10":{"name":"(anonymous_10)","decl":{"start":{"line":60,"column":27},"end":{"line":60,"column":28}},"loc":{"start":{"line":60,"column":43},"end":{"line":63,"column":null}},"line":60},"11":{"name":"(anonymous_11)","decl":{"start":{"line":61,"column":36},"end":{"line":61,"column":41}},"loc":{"start":{"line":61,"column":41},"end":{"line":61,"column":52}},"line":61},"12":{"name":"useProducts","decl":{"start":{"line":77,"column":16},"end":{"line":77,"column":30}},"loc":{"start":{"line":77,"column":30},"end":{"line":83,"column":null}},"line":77}},"branchMap":{"0":{"loc":{"start":{"line":23,"column":39},"end":{"line":23,"column":82}},"type":"binary-expr","locations":[{"start":{"line":23,"column":39},"end":{"line":23,"column":76}},{"start":{"line":23,"column":76},"end":{"line":23,"column":82}}],"line":23},"1":{"loc":{"start":{"line":24,"column":6},"end":{"line":27,"column":null}},"type":"if","locations":[{"start":{"line":24,"column":6},"end":{"line":27,"column":null}},{"start":{},"end":{}}],"line":24},"2":{"loc":{"start":{"line":24,"column":10},"end":{"line":24,"column":95}},"type":"binary-expr","locations":[{"start":{"line":24,"column":10},"end":{"line":24,"column":30}},{"start":{"line":24,"column":30},"end":{"line":24,"column":65}},{"start":{"line":24,"column":65},"end":{"line":24,"column":95}}],"line":24},"3":{"loc":{"start":{"line":44,"column":38},"end":{"line":44,"column":104}},"type":"cond-expr","locations":[{"start":{"line":44,"column":52},"end":{"line":44,"column":103}},{"start":{"line":44,"column":103},"end":{"line":44,"column":104}}],"line":44},"4":{"loc":{"start":{"line":56,"column":38},"end":{"line":56,"column":95}},"type":"cond-expr","locations":[{"start":{"line":56,"column":72},"end":{"line":56,"column":94}},{"start":{"line":56,"column":94},"end":{"line":56,"column":95}}],"line":56},"5":{"loc":{"start":{"line":79,"column":2},"end":{"line":81,"column":null}},"type":"if","locations":[{"start":{"line":79,"column":2},"end":{"line":81,"column":null}},{"start":{},"end":{}}],"line":79}},"s":{"0":2,"1":2,"2":2,"3":1,"4":1,"5":1,"6":1,"7":1,"8":1,"9":0,"10":0,"11":2,"12":0,"13":0,"14":2,"15":1,"16":1,"17":2,"18":0,"19":0,"20":0,"21":2,"22":0,"23":2,"24":0,"25":0,"26":0,"27":2,"28":0,"29":0,"30":0,"31":2,"32":2,"33":6,"34":6,"35":0,"36":6},"f":{"0":2,"1":1,"2":0,"3":1,"4":1,"5":0,"6":0,"7":0,"8":0,"9":0,"10":0,"11":0,"12":6},"b":{"0":[1,1],"1":[1,0],"2":[1,0,0],"3":[0,0],"4":[0,0],"5":[0,6]},"meta":{"lastBranch":6,"lastFunction":13,"lastStatement":37,"seen":{"s:15:6:15:Infinity":0,"f:17:16:17:32":0,"s:18:32:18:Infinity":1,"s:21:2:33:Infinity":2,"f:21:12:21:18":1,"s:22:4:32:Infinity":3,"s:23:28:23:Infinity":4,"b:23:39:23:76:23:76:23:82":0,"b:24:6:27:Infinity:undefined:undefined:undefined:undefined":1,"s:24:6:27:Infinity":5,"b:24:10:24:30:24:30:24:65:24:65:24:95":2,"s:25:8:25:Infinity":6,"s:26:8:26:Infinity":7,"s:28:6:28:Infinity":8,"s:30:6:30:Infinity":9,"s:31:6:31:Infinity":10,"s:36:27:39:Infinity":11,"f:36:27:36:28":2,"s:37:4:37:Infinity":12,"s:38:4:38:Infinity":13,"s:41:26:41:Infinity":14,"f:41:26:41:27":3,"s:41:42:41:Infinity":15,"f:41:57:41:62":4,"s:41:62:41:73":16,"s:43:23:46:Infinity":17,"f:43:23:43:24":5,"s:44:19:44:Infinity":18,"f:44:33:44:38":6,"s:44:38:44:104":19,"b:44:52:44:103:44:103:44:104":3,"s:45:4:45:Infinity":20,"s:50:26:53:Infinity":21,"f:50:26:50:27":7,"s:52:4:52:Infinity":22,"s:55:25:58:Infinity":23,"f:55:25:55:26":8,"s:56:19:56:Infinity":24,"f:56:33:56:38":9,"s:56:38:56:95":25,"b:56:72:56:94:56:94:56:95":4,"s:57:4:57:Infinity":26,"s:60:27:63:Infinity":27,"f:60:27:60:28":10,"s:61:19:61:Infinity":28,"f:61:36:61:41":11,"s:61:41:61:52":29,"s:62:4:62:Infinity":30,"s:65:16:72:Infinity":31,"s:74:2:74:Infinity":32,"f:77:16:77:30":12,"s:78:8:78:Infinity":33,"b:79:2:81:Infinity:undefined:undefined:undefined:undefined":5,"s:79:2:81:Infinity":34,"s:80:4:80:Infinity":35,"s:82:2:82:Infinity":36}}}
,"/home/gutt/Documentos/Fruta-Solar/my-new-project/src/data/productos.ts": {"path":"/home/gutt/Documentos/Fruta-Solar/my-new-project/src/data/productos.ts","statementMap":{"0":{"start":{"line":18,"column":46},"end":{"line":130,"column":null}}},"fnMap":{},"branchMap":{},"s":{"0":2},"f":{},"b":{},"meta":{"lastBranch":0,"lastFunction":0,"lastStatement":1,"seen":{"s:18:46:130:Infinity":0}}}
,"/home/gutt/Documentos/Fruta-Solar/my-new-project/src/pages/Catalogo.tsx": {"path":"/home/gutt/Documentos/Fruta-Solar/my-new-project/src/pages/Catalogo.tsx","statementMap":{"0":{"start":{"line":7,"column":20},"end":{"line":7,"column":null}},"1":{"start":{"line":8,"column":27},"end":{"line":8,"column":null}},"2":{"start":{"line":12,"column":2},"end":{"line":46,"column":null}},"3":{"start":{"line":22,"column":10},"end":{"line":43,"column":null}},"4":{"start":{"line":36,"column":33},"end":{"line":36,"column":null}}},"fnMap":{"0":{"name":"Catalogo","decl":{"start":{"line":5,"column":16},"end":{"line":5,"column":27}},"loc":{"start":{"line":5,"column":27},"end":{"line":48,"column":null}},"line":5},"1":{"name":"(anonymous_1)","decl":{"start":{"line":21,"column":23},"end":{"line":21,"column":24}},"loc":{"start":{"line":22,"column":10},"end":{"line":43,"column":null}},"line":22},"2":{"name":"(anonymous_2)","decl":{"start":{"line":36,"column":27},"end":{"line":36,"column":33}},"loc":{"start":{"line":36,"column":33},"end":{"line":36,"column":null}},"line":36}},"branchMap":{"0":{"loc":{"start":{"line":29,"column":49},"end":{"line":29,"column":106}},"type":"cond-expr","locations":[{"start":{"line":29,"column":70},"end":{"line":29,"column":85}},{"start":{"line":29,"column":85},"end":{"line":29,"column":106}}],"line":29},"1":{"loc":{"start":{"line":30,"column":26},"end":{"line":30,"column":null}},"type":"cond-expr","locations":[{"start":{"line":30,"column":47},"end":{"line":30,"column":81}},{"start":{"line":30,"column":81},"end":{"line":30,"column":null}}],"line":30},"2":{"loc":{"start":{"line":39,"column":19},"end":{"line":39,"column":null}},"type":"cond-expr","locations":[{"start":{"line":39,"column":40},"end":{"line":39,"column":63}},{"start":{"line":39,"column":63},"end":{"line":39,"column":null}}],"line":39}},"s":{"0":3,"1":3,"2":3,"3":18,"4":1},"f":{"0":3,"1":18,"2":1},"b":{"0":[18,0],"1":[18,0],"2":[18,0]},"meta":{"lastBranch":3,"lastFunction":3,"lastStatement":5,"seen":{"f:5:16:5:27":0,"s:7:20:7:Infinity":0,"s:8:27:8:Infinity":1,"s:12:2:46:Infinity":2,"f:21:23:21:24":1,"s:22:10:43:Infinity":3,"b:29:70:29:85:29:85:29:106":0,"b:30:47:30:81:30:81:30:Infinity":1,"f:36:27:36:33":2,"s:36:33:36:Infinity":4,"b:39:40:39:63:39:63:39:Infinity":2}}}
,"/home/gutt/Documentos/Fruta-Solar/my-new-project/src/pages/Login.tsx": {"path":"/home/gutt/Documentos/Fruta-Solar/my-new-project/src/pages/Login.tsx","statementMap":{"0":{"start":{"line":7,"column":26},"end":{"line":7,"column":null}},"1":{"start":{"line":8,"column":30},"end":{"line":8,"column":null}},"2":{"start":{"line":9,"column":24},"end":{"line":9,"column":null}},"3":{"start":{"line":11,"column":16},"end":{"line":11,"column":null}},"4":{"start":{"line":12,"column":8},"end":{"line":12,"column":null}},"5":{"start":{"line":14,"column":23},"end":{"line":24,"column":null}},"6":{"start":{"line":15,"column":4},"end":{"line":15,"column":null}},"7":{"start":{"line":16,"column":4},"end":{"line":16,"column":null}},"8":{"start":{"line":18,"column":18},"end":{"line":18,"column":null}},"9":{"start":{"line":19,"column":4},"end":{"line":23,"column":null}},"10":{"start":{"line":20,"column":6},"end":{"line":20,"column":null}},"11":{"start":{"line":22,"column":6},"end":{"line":22,"column":null}},"12":{"start":{"line":26,"column":2},"end":{"line":74,"column":null}},"13":{"start":{"line":49,"column":33},"end":{"line":49,"column":null}},"14":{"start":{"line":60,"column":33},"end":{"line":60,"column":null}}},"fnMap":{"0":{"name":"Login","decl":{"start":{"line":6,"column":16},"end":{"line":6,"column":24}},"loc":{"start":{"line":6,"column":24},"end":{"line":76,"column":null}},"line":6},"1":{"name":"(anonymous_1)","decl":{"start":{"line":14,"column":23},"end":{"line":14,"column":24}},"loc":{"start":{"line":14,"column":47},"end":{"line":24,"column":null}},"line":14},"2":{"name":"(anonymous_2)","decl":{"start":{"line":49,"column":26},"end":{"line":49,"column":27}},"loc":{"start":{"line":49,"column":33},"end":{"line":49,"column":null}},"line":49},"3":{"name":"(anonymous_3)","decl":{"start":{"line":60,"column":26},"end":{"line":60,"column":27}},"loc":{"start":{"line":60,"column":33},"end":{"line":60,"column":null}},"line":60}},"branchMap":{"0":{"loc":{"start":{"line":19,"column":4},"end":{"line":23,"column":null}},"type":"if","locations":[{"start":{"line":19,"column":4},"end":{"line":23,"column":null}},{"start":{"line":21,"column":11},"end":{"line":23,"column":null}}],"line":19},"1":{"loc":{"start":{"line":33,"column":11},"end":{"line":37,"column":null}},"type":"binary-expr","locations":[{"start":{"line":33,"column":11},"end":{"line":33,"column":null}},{"start":{"line":34,"column":12},"end":{"line":37,"column":null}}],"line":33},"2":{"loc":{"start":{"line":45,"column":43},"end":{"line":45,"column":68}},"type":"cond-expr","locations":[{"start":{"line":45,"column":51},"end":{"line":45,"column":66}},{"start":{"line":45,"column":66},"end":{"line":45,"column":68}}],"line":45},"3":{"loc":{"start":{"line":56,"column":43},"end":{"line":56,"column":68}},"type":"cond-expr","locations":[{"start":{"line":56,"column":51},"end":{"line":56,"column":66}},{"start":{"line":56,"column":66},"end":{"line":56,"column":68}}],"line":56}},"s":{"0":3,"1":3,"2":3,"3":3,"4":3,"5":3,"6":0,"7":0,"8":0,"9":0,"10":0,"11":0,"12":3,"13":1,"14":0},"f":{"0":3,"1":0,"2":1,"3":0},"b":{"0":[0,0],"1":[3,0],"2":[0,3],"3":[0,3]},"meta":{"lastBranch":4,"lastFunction":4,"lastStatement":15,"seen":{"f:6:16:6:24":0,"s:7:26:7:Infinity":0,"s:8:30:8:Infinity":1,"s:9:24:9:Infinity":2,"s:11:16:11:Infinity":3,"s:12:8:12:Infinity":4,"s:14:23:24:Infinity":5,"f:14:23:14:24":1,"s:15:4:15:Infinity":6,"s:16:4:16:Infinity":7,"s:18:18:18:Infinity":8,"b:19:4:23:Infinity:21:11:23:Infinity":0,"s:19:4:23:Infinity":9,"s:20:6:20:Infinity":10,"s:22:6:22:Infinity":11,"s:26:2:74:Infinity":12,"b:33:11:33:Infinity:34:12:37:Infinity":1,"b:45:51:45:66:45:66:45:68":2,"f:49:26:49:27":2,"s:49:33:49:Infinity":13,"b:56:51:56:66:56:66:56:68":3,"f:60:26:60:27":3,"s:60:33:60:Infinity":14}}}
,"/home/gutt/Documentos/Fruta-Solar/my-new-project/src/shared/Footer.tsx": {"path":"/home/gutt/Documentos/Fruta-Solar/my-new-project/src/shared/Footer.tsx","statementMap":{"0":{"start":{"line":2,"column":2},"end":{"line":5,"column":null}}},"fnMap":{"0":{"name":"Footer","decl":{"start":{"line":1,"column":16},"end":{"line":1,"column":25}},"loc":{"start":{"line":1,"column":25},"end":{"line":7,"column":null}},"line":1}},"branchMap":{},"s":{"0":2},"f":{"0":2},"b":{},"meta":{"lastBranch":0,"lastFunction":1,"lastStatement":1,"seen":{"f:1:16:1:25":0,"s:2:2:5:Infinity":0}}}
,"/home/gutt/Documentos/Fruta-Solar/my-new-project/src/shared/Navbar.tsx": {"path":"/home/gutt/Documentos/Fruta-Solar/my-new-project/src/shared/Navbar.tsx","statementMap":{"0":{"start":{"line":7,"column":32},"end":{"line":7,"column":null}},"1":{"start":{"line":8,"column":21},"end":{"line":8,"column":null}},"2":{"start":{"line":11,"column":8},"end":{"line":11,"column":null}},"3":{"start":{"line":14,"column":21},"end":{"line":14,"column":null}},"4":{"start":{"line":16,"column":2},"end":{"line":100,"column":null}}},"fnMap":{"0":{"name":"Navbar","decl":{"start":{"line":6,"column":16},"end":{"line":6,"column":25}},"loc":{"start":{"line":6,"column":25},"end":{"line":102,"column":null}},"line":6}},"branchMap":{"0":{"loc":{"start":{"line":18,"column":23},"end":{"line":18,"column":null}},"type":"cond-expr","locations":[{"start":{"line":18,"column":36},"end":{"line":18,"column":60}},{"start":{"line":18,"column":60},"end":{"line":18,"column":null}}],"line":18},"1":{"loc":{"start":{"line":31,"column":31},"end":{"line":31,"column":79}},"type":"cond-expr","locations":[{"start":{"line":31,"column":44},"end":{"line":31,"column":72}},{"start":{"line":31,"column":72},"end":{"line":31,"column":79}}],"line":31},"2":{"loc":{"start":{"line":53,"column":19},"end":{"line":56,"column":null}},"type":"binary-expr","locations":[{"start":{"line":53,"column":19},"end":{"line":53,"column":null}},{"start":{"line":54,"column":20},"end":{"line":56,"column":null}}],"line":53},"3":{"loc":{"start":{"line":61,"column":15},"end":{"line":94,"column":null}},"type":"cond-expr","locations":[{"start":{"line":62,"column":16},"end":{"line":85,"column":null}},{"start":{"line":87,"column":16},"end":{"line":94,"column":null}}],"line":61},"4":{"loc":{"start":{"line":69,"column":19},"end":{"line":74,"column":null}},"type":"binary-expr","locations":[{"start":{"line":69,"column":19},"end":{"line":69,"column":null}},{"start":{"line":70,"column":20},"end":{"line":74,"column":null}}],"line":69}},"s":{"0":5,"1":5,"2":5,"3":5,"4":5},"f":{"0":5},"b":{"0":[5,0],"1":[5,0],"2":[5,2],"3":[1,4],"4":[1,0]},"meta":{"lastBranch":5,"lastFunction":1,"lastStatement":5,"seen":{"f:6:16:6:25":0,"s:7:32:7:Infinity":0,"s:8:21:8:Infinity":1,"s:11:8:11:Infinity":2,"s:14:21:14:Infinity":3,"s:16:2:100:Infinity":4,"b:18:36:18:60:18:60:18:Infinity":0,"b:31:44:31:72:31:72:31:79":1,"b:53:19:53:Infinity:54:20:56:Infinity":2,"b:62:16:85:Infinity:87:16:94:Infinity":3,"b:69:19:69:Infinity:70:20:74:Infinity":4}}}
}
